The target system is: Emscripten - 1 - x86
The host system is: Linux - 6.1.124-134.200.amzn2023.x86_64 - x86_64
Performing C SOURCE FILE Test CMAKE_HAVE_LIBC_PTHREAD succeeded with the following output:
Change Dir: /home/ec2-user/nex/whisper.cpp/build-wasm/CMakeFiles/CMakeTmp

Run Build Command(s):/usr/bin/gmake -f Makefile cmTC_d54ed/fast && /usr/bin/gmake  -f CMakeFiles/cmTC_d54ed.dir/build.make CMakeFiles/cmTC_d54ed.dir/build
gmake[1]: Entering directory '/home/ec2-user/nex/whisper.cpp/build-wasm/CMakeFiles/CMakeTmp'
Building C object CMakeFiles/cmTC_d54ed.dir/src.c.o
/home/ec2-user/nex/whisper.cpp/emsdk/upstream/emscripten/emcc -DCMAKE_HAVE_LIBC_PTHREAD  -pthread -s TOTAL_STACK=5242880  -std=gnu11 -MD -MT CMakeFiles/cmTC_d54ed.dir/src.c.o -MF CMakeFiles/cmTC_d54ed.dir/src.c.o.d -o CMakeFiles/cmTC_d54ed.dir/src.c.o -c /home/ec2-user/nex/whisper.cpp/build-wasm/CMakeFiles/CMakeTmp/src.c
emcc: warning: linker setting ignored during compilation: 'TOTAL_STACK' [-Wunused-command-line-argument]
Linking C executable cmTC_d54ed.js
/usr/bin/cmake -E cmake_link_script CMakeFiles/cmTC_d54ed.dir/link.txt --verbose=1
/home/ec2-user/nex/whisper.cpp/emsdk/upstream/emscripten/emcc    -pthread -s TOTAL_STACK=5242880  @CMakeFiles/cmTC_d54ed.dir/objects1.rsp -o cmTC_d54ed.js 
cache:INFO: generating system asset: symbol_lists/97ede0b7b1c3b684d92f435446b99f1df4c4f7af.json... (this will be cached in "/home/ec2-user/nex/whisper.cpp/emsdk/upstream/emscripten/cache/symbol_lists/97ede0b7b1c3b684d92f435446b99f1df4c4f7af.json" for subsequent builds)
cache:INFO:  - ok
gmake[1]: Leaving directory '/home/ec2-user/nex/whisper.cpp/build-wasm/CMakeFiles/CMakeTmp'


Source file was:
#include <pthread.h>

static void* test_func(void* data)
{
  return data;
}

int main(void)
{
  pthread_t thread;
  pthread_create(&thread, NULL, test_func, NULL);
  pthread_detach(thread);
  pthread_cancel(thread);
  pthread_join(thread, NULL);
  pthread_atfork(NULL, NULL, NULL);
  pthread_exit(NULL);

  return 0;
}

